INFO:root:info message
WARNING:root:warn message
ERROR:root:error message
CRITICAL:root:critical message
INFO:root:1708975
INFO:root:一节课教你搞定英文面试！求职必看|免费直播课
INFO:root:1708976
INFO:root:1708977
INFO:root:为什么我们总是觉得小时候过年更有意思？（备用）
INFO:root:1708978
INFO:root:1708979
INFO:root:​一个充满幸福感的视频，都很爱了
INFO:root:1708980
INFO:root:1708981
INFO:root:蛋糕切开的时候口水是真的忍不住了
INFO:root:1708982
INFO:root:1708983
INFO:root:当英勇而负责的看门狗发现有人偷主人的车时
INFO:root:1708984
INFO:root:1708985
INFO:root:熊：欸？大兄弟你瞅啥呢啊？
INFO:root:1708986
INFO:root:1708987
INFO:root:只懂歌的鸽子在旁边跟着音乐蹦蹦哒哒
INFO:root:1708988
INFO:root:1708989
INFO:root:1708990
INFO:root:1708991
INFO:root:1708992
INFO:root:1708993
INFO:root:1708994
INFO:root:1708995
INFO:root:1708996
INFO:root:1708997
INFO:root:1708998
INFO:root:1708999
INFO:root:1709000
INFO:root:1709001
INFO:root:1709002
INFO:root:1709003
INFO:root:1709004
INFO:root:1709005
INFO:root:1709006
INFO:root:1709007
INFO:root:1709008
INFO:root:1709009
INFO:root:1709010
INFO:root:1709011
INFO:root:1709012
INFO:root:1709013
INFO:root:1709014
INFO:root:1709015
INFO:root:1709016
INFO:root:1709017
INFO:root:1709018
INFO:root:1709019
INFO:root:1709020
INFO:root:1709021
INFO:root:1709022
INFO:root:1709023
INFO:root:1709024
INFO:root:1709025
INFO:root:1709026
INFO:root:1709027
INFO:root:1709028
INFO:root:1709029
INFO:root:1709030
INFO:root:1709031
INFO:root:1709032
INFO:root:1709033
INFO:root:1709034
INFO:root:1709035
INFO:root:1709036
INFO:root:1709037
INFO:root:1709038
INFO:root:1709039
INFO:root:1709040
INFO:root:1709041
INFO:root:1709042
INFO:root:1709043
INFO:root:1709044
INFO:root:1709045
INFO:root:1709046
INFO:root:1709047
INFO:root:1709048
INFO:root:1709049
INFO:root:1709050
INFO:root:1709051
INFO:root:1709052
INFO:root:1709053
INFO:root:1709054
INFO:root:1709055
INFO:root:1709056
INFO:root:1709057
INFO:root:1709058
INFO:root:1709059
INFO:root:1709060
INFO:root:1709061
INFO:root:1709062
INFO:root:1709063
INFO:root:1709064
INFO:root:1709065
INFO:root:1709066
INFO:root:1709067
INFO:root:1709068
INFO:root:1709069
INFO:root:1709070
INFO:root:1709071
INFO:root:1709072
INFO:root:1709073
INFO:root:1709074
INFO:root:1709075
INFO:root:1709076
INFO:root:1709077
INFO:root:1709078
INFO:root:1709079
INFO:root:1709080
INFO:root:1709081
INFO:root:1709082
INFO:root:1709083
INFO:root:1709084
INFO:root:1709085
INFO:root:1709086
INFO:root:1709087
